{
  "stats": {
    "suites": 1,
    "tests": 1,
    "passes": 0,
    "pending": 0,
    "failures": 1,
    "start": "2021-06-02T06:48:14.532Z",
    "end": "2021-06-02T06:48:29.204Z",
    "duration": 14672,
    "testsRegistered": 1,
    "passPercent": 0,
    "pendingPercent": 0,
    "other": 0,
    "hasOther": false,
    "skipped": 0,
    "hasSkipped": false
  },
  "results": [
    {
      "uuid": "84375de8-f0af-4386-bec8-f5844cdabaa3",
      "title": "",
      "fullFile": "cypress/integration/book_store_flow.spec.ts",
      "file": "cypress/integration/book_store_flow.spec.ts",
      "beforeHooks": [],
      "afterHooks": [],
      "tests": [],
      "suites": [
        {
          "uuid": "f1ca5e4d-9eb0-49b4-b055-05f37aadfdd9",
          "title": "Text Box actions",
          "fullFile": "",
          "file": "",
          "beforeHooks": [],
          "afterHooks": [],
          "tests": [
            {
              "title": "Book Store Flow",
              "fullTitle": "Text Box actions Book Store Flow",
              "timedOut": null,
              "duration": 14515,
              "state": "failed",
              "speed": null,
              "pass": false,
              "fail": true,
              "pending": false,
              "context": null,
              "code": "BookStore.clickBookStoreCard();\nBookStore.backtoProfile();\nBookStore.checkIfBooksareAdded();",
              "err": {
                "message": "AssertionError: The following error originated from your application code, not from Cypress. It was caused by an unhandled promise rejection.\n\n  > expected 'Book already present in the your collection!' to equal 'Book added to your collection.'\n\nWhen Cypress detects uncaught errors originating from your application it will automatically fail the current test.\n\nThis behavior is configurable, and you can choose to turn this off by listening to the `uncaught:exception` event.\n\nhttps://on.cypress.io/uncaught-exception-from-application",
                "estack": "AssertionError: The following error originated from your application code, not from Cypress. It was caused by an unhandled promise rejection.\n\n  > expected 'Book already present in the your collection!' to equal 'Book added to your collection.'\n\nWhen Cypress detects uncaught errors originating from your application it will automatically fail the current test.\n\nThis behavior is configurable, and you can choose to turn this off by listening to the `uncaught:exception` event.\n\nhttps://on.cypress.io/uncaught-exception-from-application\n    at $Cy.eval (https://demoqa.com/__cypress/tests?p=cypress\\integration\\book_store_flow.spec.ts:201:31)",
                "diff": "- '\\'Book already present in the your collection!\\''\n+ '\\'Book added to your collection.\\''\n"
              },
              "uuid": "292234c0-2842-4dce-87d9-33d3a00a86ce",
              "parentUUID": "f1ca5e4d-9eb0-49b4-b055-05f37aadfdd9",
              "isHook": false,
              "skipped": false
            }
          ],
          "suites": [],
          "passes": [],
          "failures": [
            "292234c0-2842-4dce-87d9-33d3a00a86ce"
          ],
          "pending": [],
          "skipped": [],
          "duration": 14515,
          "root": false,
          "rootEmpty": false,
          "_timeout": 2000
        }
      ],
      "passes": [],
      "failures": [],
      "pending": [],
      "skipped": [],
      "duration": 0,
      "root": true,
      "rootEmpty": true,
      "_timeout": 2000
    }
  ],
  "meta": {
    "mocha": {
      "version": "7.0.1"
    },
    "mochawesome": {
      "options": {
        "quiet": false,
        "reportFilename": "mochawesome",
        "saveHtml": true,
        "saveJson": true,
        "consoleReporter": "spec",
        "useInlineDiffs": false,
        "code": true
      },
      "version": "6.2.2"
    },
    "marge": {
      "options": {
        "reportDir": "cypress/reports",
        "reportFileName": "report",
        "overwrite": false,
        "html": true,
        "json": true,
        "charts": true
      },
      "version": "5.2.0"
    }
  }
}