{
  "stats": {
    "suites": 1,
    "tests": 4,
    "passes": 4,
    "pending": 0,
    "failures": 0,
    "start": "2021-06-02T06:47:56.962Z",
    "end": "2021-06-02T06:48:11.955Z",
    "duration": 14993,
    "testsRegistered": 4,
    "passPercent": 100,
    "pendingPercent": 0,
    "other": 0,
    "hasOther": false,
    "skipped": 0,
    "hasSkipped": false
  },
  "results": [
    {
      "uuid": "30744fc8-a5a0-4bd9-93ef-df09d9fcbb6d",
      "title": "",
      "fullFile": "cypress/integration/actions.spec.ts",
      "file": "cypress/integration/actions.spec.ts",
      "beforeHooks": [],
      "afterHooks": [],
      "tests": [],
      "suites": [
        {
          "uuid": "e93ff193-af5a-4df0-adbe-96346f5fa012",
          "title": "Text Box actions",
          "fullFile": "",
          "file": "",
          "beforeHooks": [],
          "afterHooks": [],
          "tests": [
            {
              "title": "Text box actions",
              "fullTitle": "Text Box actions Text box actions",
              "timedOut": null,
              "duration": 13399,
              "state": "passed",
              "speed": "slow",
              "pass": true,
              "fail": false,
              "pending": false,
              "context": null,
              "code": "Page.clickElementCard();\nPage.fillMandatoryFields();\nPage.clickSubmit();\nPage.validateValues();",
              "err": {},
              "uuid": "192291c8-0426-49ac-96fe-babf1a95e51f",
              "parentUUID": "e93ff193-af5a-4df0-adbe-96346f5fa012",
              "isHook": false,
              "skipped": false
            },
            {
              "title": "Check Box actions",
              "fullTitle": "Text Box actions Check Box actions",
              "timedOut": null,
              "duration": 553,
              "state": "passed",
              "speed": "slow",
              "pass": true,
              "fail": false,
              "pending": false,
              "context": null,
              "code": "Page.clickCheckBoxCard();\nPage.checkBoxClick();\nPage.unCheckbox();",
              "err": {},
              "uuid": "652c0e9d-bd55-4082-a124-975db99d0121",
              "parentUUID": "e93ff193-af5a-4df0-adbe-96346f5fa012",
              "isHook": false,
              "skipped": false
            },
            {
              "title": "Upload file",
              "fullTitle": "Text Box actions Upload file",
              "timedOut": null,
              "duration": 242,
              "state": "passed",
              "speed": "slow",
              "pass": true,
              "fail": false,
              "pending": false,
              "context": null,
              "code": "Page.clickUploadFileCard();\nPage.uploadingFile();\nPage.uploadSuccess();",
              "err": {},
              "uuid": "771ac8d1-d8e8-49e2-92fd-9a265b8ce928",
              "parentUUID": "e93ff193-af5a-4df0-adbe-96346f5fa012",
              "isHook": false,
              "skipped": false
            },
            {
              "title": "manage alerts and pop ups",
              "fullTitle": "Text Box actions manage alerts and pop ups",
              "timedOut": null,
              "duration": 700,
              "state": "passed",
              "speed": "slow",
              "pass": true,
              "fail": false,
              "pending": false,
              "context": null,
              "code": "Page.onClickAlert();",
              "err": {},
              "uuid": "7a8d9403-b1a9-4a8a-b3e2-6eabd85e3d82",
              "parentUUID": "e93ff193-af5a-4df0-adbe-96346f5fa012",
              "isHook": false,
              "skipped": false
            }
          ],
          "suites": [],
          "passes": [
            "192291c8-0426-49ac-96fe-babf1a95e51f",
            "652c0e9d-bd55-4082-a124-975db99d0121",
            "771ac8d1-d8e8-49e2-92fd-9a265b8ce928",
            "7a8d9403-b1a9-4a8a-b3e2-6eabd85e3d82"
          ],
          "failures": [],
          "pending": [],
          "skipped": [],
          "duration": 14894,
          "root": false,
          "rootEmpty": false,
          "_timeout": 2000
        }
      ],
      "passes": [],
      "failures": [],
      "pending": [],
      "skipped": [],
      "duration": 0,
      "root": true,
      "rootEmpty": true,
      "_timeout": 2000
    }
  ],
  "meta": {
    "mocha": {
      "version": "7.0.1"
    },
    "mochawesome": {
      "options": {
        "quiet": false,
        "reportFilename": "mochawesome",
        "saveHtml": true,
        "saveJson": true,
        "consoleReporter": "spec",
        "useInlineDiffs": false,
        "code": true
      },
      "version": "6.2.2"
    },
    "marge": {
      "options": {
        "reportDir": "cypress/reports",
        "reportFileName": "report",
        "overwrite": false,
        "html": true,
        "json": true,
        "charts": true
      },
      "version": "5.2.0"
    }
  }
}